[29-May-2021 12:15:40 +0000]: <305d81ce> DB Error: SQLSTATE[HY000] [2002] No such file or directory in /opt/enigmabox/roundcube/program/lib/Roundcube/rcube_db.php on line 175 (GET /)
[29-May-2021 12:15:40 +0000]: <305d81ce> PHP Error: config.inc.php was not found. (GET /)
[29-May-2021 12:17:49 +0000]: <305d81ce> DB Error: SQLSTATE[HY000] [2002] No such file or directory in /opt/enigmabox/roundcube/program/lib/Roundcube/rcube_db.php on line 175 (GET /)
[29-May-2021 12:17:49 +0000]: <305d81ce> DB Error: SQLSTATE[HY000] [2002] No such file or directory (GET /)
[29-May-2021 12:41:29 +0000]: <b9269265> PHP Error: SMTP server does not support authentication (POST /?_task=mail&_unlock=loading1622292089365&_framed=1&_lang=fr_FR&_action=send)
[29-May-2021 12:41:29 +0000]: <b9269265> SMTP Error: Authentication failure: SMTP server does not support authentication (Code: ) in /opt/enigmabox/roundcube/program/lib/Roundcube/rcube.php on line 1702 (POST /?_task=mail&_unlock=loading1622292089365&_framed=1&_lang=fr_FR&_action=send)
[29-May-2021 12:43:40 +0000]: <b9269265> PHP Error: SMTP server does not support authentication (POST /?_task=mail&_unlock=loading1622292220392&_framed=1&_lang=fr_FR&_action=send)
[29-May-2021 12:43:40 +0000]: <b9269265> SMTP Error: Authentication failure: SMTP server does not support authentication (Code: ) in /opt/enigmabox/roundcube/program/lib/Roundcube/rcube.php on line 1702 (POST /?_task=mail&_unlock=loading1622292220392&_framed=1&_lang=fr_FR&_action=send)
[29-May-2021 12:45:04 +0000]: <b9269265> PHP Error: SMTP server does not support authentication (POST /?_task=mail&_unlock=loading1622292304125&_framed=1&_lang=fr_FR&_action=send)
[29-May-2021 12:45:04 +0000]: <b9269265> SMTP Error: Authentication failure: SMTP server does not support authentication (Code: ) in /opt/enigmabox/roundcube/program/lib/Roundcube/rcube.php on line 1702 (POST /?_task=mail&_unlock=loading1622292304125&_framed=1&_lang=fr_FR&_action=send)
[29-May-2021 12:49:19 +0000]: <b9269265> PHP Error: SMTP server does not support authentication (POST /?_task=mail&_unlock=loading1622292558579&_framed=1&_lang=fr_FR&_action=send)
[29-May-2021 12:49:19 +0000]: <b9269265> SMTP Error: Authentication failure: SMTP server does not support authentication (Code: ) in /opt/enigmabox/roundcube/program/lib/Roundcube/rcube.php on line 1702 (POST /?_task=mail&_unlock=loading1622292558579&_framed=1&_lang=fr_FR&_action=send)
[29-May-2021 12:51:24 +0000]: <b9269265> PHP Error: SMTP server does not support authentication (POST /?_task=mail&_unlock=loading1622292683444&_framed=1&_lang=fr_FR&_action=send)
[29-May-2021 12:51:24 +0000]: <b9269265> SMTP Error: Authentication failure: SMTP server does not support authentication (Code: ) in /opt/enigmabox/roundcube/program/lib/Roundcube/rcube.php on line 1702 (POST /?_task=mail&_unlock=loading1622292683444&_framed=1&_lang=fr_FR&_action=send)
[29-May-2021 12:53:26 +0000]: <b9269265> PHP Error: SMTP server does not support authentication (POST /?_task=mail&_unlock=loading1622292805981&_framed=1&_lang=fr_FR&_action=send)
[29-May-2021 12:53:26 +0000]: <b9269265> SMTP Error: Authentication failure: SMTP server does not support authentication (Code: ) in /opt/enigmabox/roundcube/program/lib/Roundcube/rcube.php on line 1702 (POST /?_task=mail&_unlock=loading1622292805981&_framed=1&_lang=fr_FR&_action=send)
[29-May-2021 12:53:53 +0000]: <b9269265> PHP Error: SMTP server does not support authentication (POST /?_task=mail&_unlock=loading1622292832578&_framed=1&_lang=fr_FR&_action=send)
[29-May-2021 12:53:53 +0000]: <b9269265> SMTP Error: Authentication failure: SMTP server does not support authentication (Code: ) in /opt/enigmabox/roundcube/program/lib/Roundcube/rcube.php on line 1702 (POST /?_task=mail&_unlock=loading1622292832578&_framed=1&_lang=fr_FR&_action=send)
[29-May-2021 12:55:43 +0000]: <b9269265> PHP Error: SMTP server does not support authentication (POST /?_task=mail&_unlock=loading1622292943139&_framed=1&_lang=fr_FR&_action=send)
[29-May-2021 12:55:43 +0000]: <b9269265> SMTP Error: Authentication failure: SMTP server does not support authentication (Code: ) in /opt/enigmabox/roundcube/program/lib/Roundcube/rcube.php on line 1702 (POST /?_task=mail&_unlock=loading1622292943139&_framed=1&_lang=fr_FR&_action=send)
[29-May-2021 12:56:15 +0000]: <b9269265> PHP Error: SMTP server does not support authentication (POST /?_task=mail&_unlock=loading1622292974920&_framed=1&_lang=fr_FR&_action=send)
[29-May-2021 12:56:15 +0000]: <b9269265> SMTP Error: Authentication failure: SMTP server does not support authentication (Code: ) in /opt/enigmabox/roundcube/program/lib/Roundcube/rcube.php on line 1702 (POST /?_task=mail&_unlock=loading1622292974920&_framed=1&_lang=fr_FR&_action=send)
[29-May-2021 13:00:19 UTC] PHP Warning:  Declaration of enigmabook::list_groups($search = NULL) should be compatible with rcube_addressbook::list_groups($search = NULL, $mode = 0) in /opt/enigmabox/roundcube/plugins/enigmabox_additions/enigmabook.php on line 42
[29-May-2021 13:00:19 UTC] PHP Warning:  Declaration of enigmabook::rename_group($gid, $newname) should be compatible with rcube_addressbook::rename_group($group_id, $newname, &$newid) in /opt/enigmabox/roundcube/plugins/enigmabox_additions/enigmabook.php on line 42
[29-May-2021 13:00:19 UTC] PHP Warning:  Declaration of enigmabook_global::list_groups($search = NULL) should be compatible with rcube_addressbook::list_groups($search = NULL, $mode = 0) in /opt/enigmabox/roundcube/plugins/enigmabox_additions/enigmabook.php on line 199
[29-May-2021 13:00:19 UTC] PHP Warning:  Declaration of enigmabook_global::rename_group($gid, $newname) should be compatible with rcube_addressbook::rename_group($group_id, $newname, &$newid) in /opt/enigmabox/roundcube/plugins/enigmabox_additions/enigmabook.php on line 199
[29-May-2021 13:00:21 UTC] PHP Warning:  Declaration of enigmabook::list_groups($search = NULL) should be compatible with rcube_addressbook::list_groups($search = NULL, $mode = 0) in /opt/enigmabox/roundcube/plugins/enigmabox_additions/enigmabook.php on line 42
[29-May-2021 13:00:21 UTC] PHP Warning:  Declaration of enigmabook::rename_group($gid, $newname) should be compatible with rcube_addressbook::rename_group($group_id, $newname, &$newid) in /opt/enigmabox/roundcube/plugins/enigmabox_additions/enigmabook.php on line 42
[29-May-2021 13:00:21 UTC] PHP Warning:  Declaration of enigmabook_global::list_groups($search = NULL) should be compatible with rcube_addressbook::list_groups($search = NULL, $mode = 0) in /opt/enigmabox/roundcube/plugins/enigmabox_additions/enigmabook.php on line 199
[29-May-2021 13:00:21 UTC] PHP Warning:  Declaration of enigmabook_global::rename_group($gid, $newname) should be compatible with rcube_addressbook::rename_group($group_id, $newname, &$newid) in /opt/enigmabox/roundcube/plugins/enigmabox_additions/enigmabook.php on line 199
[29-May-2021 13:00:26 UTC] PHP Warning:  Declaration of enigmabook::list_groups($search = NULL) should be compatible with rcube_addressbook::list_groups($search = NULL, $mode = 0) in /opt/enigmabox/roundcube/plugins/enigmabox_additions/enigmabook.php on line 42
[29-May-2021 13:00:26 UTC] PHP Warning:  Declaration of enigmabook::rename_group($gid, $newname) should be compatible with rcube_addressbook::rename_group($group_id, $newname, &$newid) in /opt/enigmabox/roundcube/plugins/enigmabox_additions/enigmabook.php on line 42
[29-May-2021 13:00:26 UTC] PHP Warning:  Declaration of enigmabook_global::list_groups($search = NULL) should be compatible with rcube_addressbook::list_groups($search = NULL, $mode = 0) in /opt/enigmabox/roundcube/plugins/enigmabox_additions/enigmabook.php on line 199
[29-May-2021 13:00:26 UTC] PHP Warning:  Declaration of enigmabook_global::rename_group($gid, $newname) should be compatible with rcube_addressbook::rename_group($group_id, $newname, &$newid) in /opt/enigmabox/roundcube/plugins/enigmabox_additions/enigmabook.php on line 199
[29-May-2021 13:00:27 UTC] PHP Warning:  Declaration of enigmabook::list_groups($search = NULL) should be compatible with rcube_addressbook::list_groups($search = NULL, $mode = 0) in /opt/enigmabox/roundcube/plugins/enigmabox_additions/enigmabook.php on line 42
[29-May-2021 13:00:27 UTC] PHP Warning:  Declaration of enigmabook::rename_group($gid, $newname) should be compatible with rcube_addressbook::rename_group($group_id, $newname, &$newid) in /opt/enigmabox/roundcube/plugins/enigmabox_additions/enigmabook.php on line 42
[29-May-2021 13:00:27 UTC] PHP Warning:  Declaration of enigmabook_global::list_groups($search = NULL) should be compatible with rcube_addressbook::list_groups($search = NULL, $mode = 0) in /opt/enigmabox/roundcube/plugins/enigmabox_additions/enigmabook.php on line 199
[29-May-2021 13:00:27 UTC] PHP Warning:  Declaration of enigmabook_global::rename_group($gid, $newname) should be compatible with rcube_addressbook::rename_group($group_id, $newname, &$newid) in /opt/enigmabox/roundcube/plugins/enigmabox_additions/enigmabook.php on line 199
[29-May-2021 13:00:27 UTC] PHP Warning:  Declaration of enigmabook::list_groups($search = NULL) should be compatible with rcube_addressbook::list_groups($search = NULL, $mode = 0) in /opt/enigmabox/roundcube/plugins/enigmabox_additions/enigmabook.php on line 42
[29-May-2021 13:00:27 UTC] PHP Warning:  Declaration of enigmabook::rename_group($gid, $newname) should be compatible with rcube_addressbook::rename_group($group_id, $newname, &$newid) in /opt/enigmabox/roundcube/plugins/enigmabox_additions/enigmabook.php on line 42
[29-May-2021 13:00:27 UTC] PHP Warning:  Declaration of enigmabook_global::list_groups($search = NULL) should be compatible with rcube_addressbook::list_groups($search = NULL, $mode = 0) in /opt/enigmabox/roundcube/plugins/enigmabox_additions/enigmabook.php on line 199
[29-May-2021 13:00:27 UTC] PHP Warning:  Declaration of enigmabook_global::rename_group($gid, $newname) should be compatible with rcube_addressbook::rename_group($group_id, $newname, &$newid) in /opt/enigmabox/roundcube/plugins/enigmabox_additions/enigmabook.php on line 199
[29-May-2021 13:00:29 UTC] PHP Warning:  Declaration of enigmabook::list_groups($search = NULL) should be compatible with rcube_addressbook::list_groups($search = NULL, $mode = 0) in /opt/enigmabox/roundcube/plugins/enigmabox_additions/enigmabook.php on line 42
[29-May-2021 13:00:29 UTC] PHP Warning:  Declaration of enigmabook::rename_group($gid, $newname) should be compatible with rcube_addressbook::rename_group($group_id, $newname, &$newid) in /opt/enigmabox/roundcube/plugins/enigmabox_additions/enigmabook.php on line 42
[29-May-2021 13:00:29 UTC] PHP Warning:  Declaration of enigmabook_global::list_groups($search = NULL) should be compatible with rcube_addressbook::list_groups($search = NULL, $mode = 0) in /opt/enigmabox/roundcube/plugins/enigmabox_additions/enigmabook.php on line 199
[29-May-2021 13:00:29 UTC] PHP Warning:  Declaration of enigmabook_global::rename_group($gid, $newname) should be compatible with rcube_addressbook::rename_group($group_id, $newname, &$newid) in /opt/enigmabox/roundcube/plugins/enigmabox_additions/enigmabook.php on line 199
[29-May-2021 13:00:30 UTC] PHP Warning:  Declaration of enigmabook::list_groups($search = NULL) should be compatible with rcube_addressbook::list_groups($search = NULL, $mode = 0) in /opt/enigmabox/roundcube/plugins/enigmabox_additions/enigmabook.php on line 42
[29-May-2021 13:00:30 UTC] PHP Warning:  Declaration of enigmabook::rename_group($gid, $newname) should be compatible with rcube_addressbook::rename_group($group_id, $newname, &$newid) in /opt/enigmabox/roundcube/plugins/enigmabox_additions/enigmabook.php on line 42
[29-May-2021 13:00:30 UTC] PHP Warning:  Declaration of enigmabook_global::list_groups($search = NULL) should be compatible with rcube_addressbook::list_groups($search = NULL, $mode = 0) in /opt/enigmabox/roundcube/plugins/enigmabox_additions/enigmabook.php on line 199
[29-May-2021 13:00:30 UTC] PHP Warning:  Declaration of enigmabook_global::rename_group($gid, $newname) should be compatible with rcube_addressbook::rename_group($group_id, $newname, &$newid) in /opt/enigmabox/roundcube/plugins/enigmabox_additions/enigmabook.php on line 199
[29-May-2021 13:00:39 UTC] PHP Warning:  Declaration of enigmabook::list_groups($search = NULL) should be compatible with rcube_addressbook::list_groups($search = NULL, $mode = 0) in /opt/enigmabox/roundcube/plugins/enigmabox_additions/enigmabook.php on line 42
[29-May-2021 13:00:39 UTC] PHP Warning:  Declaration of enigmabook::rename_group($gid, $newname) should be compatible with rcube_addressbook::rename_group($group_id, $newname, &$newid) in /opt/enigmabox/roundcube/plugins/enigmabox_additions/enigmabook.php on line 42
[29-May-2021 13:00:39 UTC] PHP Warning:  Declaration of enigmabook_global::list_groups($search = NULL) should be compatible with rcube_addressbook::list_groups($search = NULL, $mode = 0) in /opt/enigmabox/roundcube/plugins/enigmabox_additions/enigmabook.php on line 199
[29-May-2021 13:00:39 UTC] PHP Warning:  Declaration of enigmabook_global::rename_group($gid, $newname) should be compatible with rcube_addressbook::rename_group($group_id, $newname, &$newid) in /opt/enigmabox/roundcube/plugins/enigmabox_additions/enigmabook.php on line 199
[29-May-2021 13:00:44 UTC] PHP Warning:  Declaration of enigmabook::list_groups($search = NULL) should be compatible with rcube_addressbook::list_groups($search = NULL, $mode = 0) in /opt/enigmabox/roundcube/plugins/enigmabox_additions/enigmabook.php on line 42
[29-May-2021 13:00:44 UTC] PHP Warning:  Declaration of enigmabook::rename_group($gid, $newname) should be compatible with rcube_addressbook::rename_group($group_id, $newname, &$newid) in /opt/enigmabox/roundcube/plugins/enigmabox_additions/enigmabook.php on line 42
[29-May-2021 13:00:44 UTC] PHP Warning:  Declaration of enigmabook_global::list_groups($search = NULL) should be compatible with rcube_addressbook::list_groups($search = NULL, $mode = 0) in /opt/enigmabox/roundcube/plugins/enigmabox_additions/enigmabook.php on line 199
[29-May-2021 13:00:44 UTC] PHP Warning:  Declaration of enigmabook_global::rename_group($gid, $newname) should be compatible with rcube_addressbook::rename_group($group_id, $newname, &$newid) in /opt/enigmabox/roundcube/plugins/enigmabox_additions/enigmabook.php on line 199
[29-May-2021 13:00:45 UTC] PHP Warning:  Declaration of enigmabook::list_groups($search = NULL) should be compatible with rcube_addressbook::list_groups($search = NULL, $mode = 0) in /opt/enigmabox/roundcube/plugins/enigmabox_additions/enigmabook.php on line 42
[29-May-2021 13:00:45 UTC] PHP Warning:  Declaration of enigmabook::rename_group($gid, $newname) should be compatible with rcube_addressbook::rename_group($group_id, $newname, &$newid) in /opt/enigmabox/roundcube/plugins/enigmabox_additions/enigmabook.php on line 42
[29-May-2021 13:00:45 UTC] PHP Warning:  Declaration of enigmabook_global::list_groups($search = NULL) should be compatible with rcube_addressbook::list_groups($search = NULL, $mode = 0) in /opt/enigmabox/roundcube/plugins/enigmabox_additions/enigmabook.php on line 199
[29-May-2021 13:00:45 UTC] PHP Warning:  Declaration of enigmabook_global::rename_group($gid, $newname) should be compatible with rcube_addressbook::rename_group($group_id, $newname, &$newid) in /opt/enigmabox/roundcube/plugins/enigmabox_additions/enigmabook.php on line 199
[29-May-2021 13:00:46 UTC] PHP Warning:  Declaration of enigmabook::list_groups($search = NULL) should be compatible with rcube_addressbook::list_groups($search = NULL, $mode = 0) in /opt/enigmabox/roundcube/plugins/enigmabox_additions/enigmabook.php on line 42
[29-May-2021 13:00:46 UTC] PHP Warning:  Declaration of enigmabook::rename_group($gid, $newname) should be compatible with rcube_addressbook::rename_group($group_id, $newname, &$newid) in /opt/enigmabox/roundcube/plugins/enigmabox_additions/enigmabook.php on line 42
[29-May-2021 13:00:46 UTC] PHP Warning:  Declaration of enigmabook_global::list_groups($search = NULL) should be compatible with rcube_addressbook::list_groups($search = NULL, $mode = 0) in /opt/enigmabox/roundcube/plugins/enigmabox_additions/enigmabook.php on line 199
[29-May-2021 13:00:46 UTC] PHP Warning:  Declaration of enigmabook_global::rename_group($gid, $newname) should be compatible with rcube_addressbook::rename_group($group_id, $newname, &$newid) in /opt/enigmabox/roundcube/plugins/enigmabox_additions/enigmabook.php on line 199
[29-May-2021 13:00:47 UTC] PHP Warning:  Declaration of enigmabook::list_groups($search = NULL) should be compatible with rcube_addressbook::list_groups($search = NULL, $mode = 0) in /opt/enigmabox/roundcube/plugins/enigmabox_additions/enigmabook.php on line 42
[29-May-2021 13:00:47 UTC] PHP Warning:  Declaration of enigmabook::list_groups($search = NULL) should be compatible with rcube_addressbook::list_groups($search = NULL, $mode = 0) in /opt/enigmabox/roundcube/plugins/enigmabox_additions/enigmabook.php on line 42
[29-May-2021 13:00:47 UTC] PHP Warning:  Declaration of enigmabook::rename_group($gid, $newname) should be compatible with rcube_addressbook::rename_group($group_id, $newname, &$newid) in /opt/enigmabox/roundcube/plugins/enigmabox_additions/enigmabook.php on line 42
[29-May-2021 13:00:47 UTC] PHP Warning:  Declaration of enigmabook::rename_group($gid, $newname) should be compatible with rcube_addressbook::rename_group($group_id, $newname, &$newid) in /opt/enigmabox/roundcube/plugins/enigmabox_additions/enigmabook.php on line 42
[29-May-2021 13:00:47 UTC] PHP Warning:  Declaration of enigmabook_global::list_groups($search = NULL) should be compatible with rcube_addressbook::list_groups($search = NULL, $mode = 0) in /opt/enigmabox/roundcube/plugins/enigmabox_additions/enigmabook.php on line 199
[29-May-2021 13:00:47 UTC] PHP Warning:  Declaration of enigmabook_global::list_groups($search = NULL) should be compatible with rcube_addressbook::list_groups($search = NULL, $mode = 0) in /opt/enigmabox/roundcube/plugins/enigmabox_additions/enigmabook.php on line 199
[29-May-2021 13:00:47 UTC] PHP Warning:  Declaration of enigmabook_global::rename_group($gid, $newname) should be compatible with rcube_addressbook::rename_group($group_id, $newname, &$newid) in /opt/enigmabox/roundcube/plugins/enigmabox_additions/enigmabook.php on line 199
[29-May-2021 13:00:47 UTC] PHP Warning:  Declaration of enigmabook_global::rename_group($gid, $newname) should be compatible with rcube_addressbook::rename_group($group_id, $newname, &$newid) in /opt/enigmabox/roundcube/plugins/enigmabox_additions/enigmabook.php on line 199
[29-May-2021 13:00:49 UTC] PHP Warning:  Declaration of enigmabook::list_groups($search = NULL) should be compatible with rcube_addressbook::list_groups($search = NULL, $mode = 0) in /opt/enigmabox/roundcube/plugins/enigmabox_additions/enigmabook.php on line 42
[29-May-2021 13:00:49 UTC] PHP Warning:  Declaration of enigmabook::rename_group($gid, $newname) should be compatible with rcube_addressbook::rename_group($group_id, $newname, &$newid) in /opt/enigmabox/roundcube/plugins/enigmabox_additions/enigmabook.php on line 42
[29-May-2021 13:00:49 UTC] PHP Warning:  Declaration of enigmabook_global::list_groups($search = NULL) should be compatible with rcube_addressbook::list_groups($search = NULL, $mode = 0) in /opt/enigmabox/roundcube/plugins/enigmabox_additions/enigmabook.php on line 199
[29-May-2021 13:00:49 UTC] PHP Warning:  Declaration of enigmabook_global::rename_group($gid, $newname) should be compatible with rcube_addressbook::rename_group($group_id, $newname, &$newid) in /opt/enigmabox/roundcube/plugins/enigmabox_additions/enigmabook.php on line 199
[29-May-2021 13:00:50 UTC] PHP Warning:  Declaration of enigmabook::list_groups($search = NULL) should be compatible with rcube_addressbook::list_groups($search = NULL, $mode = 0) in /opt/enigmabox/roundcube/plugins/enigmabox_additions/enigmabook.php on line 42
[29-May-2021 13:00:50 UTC] PHP Warning:  Declaration of enigmabook::rename_group($gid, $newname) should be compatible with rcube_addressbook::rename_group($group_id, $newname, &$newid) in /opt/enigmabox/roundcube/plugins/enigmabox_additions/enigmabook.php on line 42
[29-May-2021 13:00:50 UTC] PHP Warning:  Declaration of enigmabook_global::list_groups($search = NULL) should be compatible with rcube_addressbook::list_groups($search = NULL, $mode = 0) in /opt/enigmabox/roundcube/plugins/enigmabox_additions/enigmabook.php on line 199
[29-May-2021 13:00:50 UTC] PHP Warning:  Declaration of enigmabook_global::rename_group($gid, $newname) should be compatible with rcube_addressbook::rename_group($group_id, $newname, &$newid) in /opt/enigmabox/roundcube/plugins/enigmabox_additions/enigmabook.php on line 199
[29-May-2021 13:00:50 UTC] PHP Warning:  Declaration of enigmabook::list_groups($search = NULL) should be compatible with rcube_addressbook::list_groups($search = NULL, $mode = 0) in /opt/enigmabox/roundcube/plugins/enigmabox_additions/enigmabook.php on line 42
[29-May-2021 13:00:50 UTC] PHP Warning:  Declaration of enigmabook::rename_group($gid, $newname) should be compatible with rcube_addressbook::rename_group($group_id, $newname, &$newid) in /opt/enigmabox/roundcube/plugins/enigmabox_additions/enigmabook.php on line 42
[29-May-2021 13:00:50 UTC] PHP Warning:  Declaration of enigmabook_global::list_groups($search = NULL) should be compatible with rcube_addressbook::list_groups($search = NULL, $mode = 0) in /opt/enigmabox/roundcube/plugins/enigmabox_additions/enigmabook.php on line 199
[29-May-2021 13:00:50 UTC] PHP Warning:  Declaration of enigmabook_global::rename_group($gid, $newname) should be compatible with rcube_addressbook::rename_group($group_id, $newname, &$newid) in /opt/enigmabox/roundcube/plugins/enigmabox_additions/enigmabook.php on line 199
[29-May-2021 13:00:52 UTC] PHP Warning:  Declaration of enigmabook::list_groups($search = NULL) should be compatible with rcube_addressbook::list_groups($search = NULL, $mode = 0) in /opt/enigmabox/roundcube/plugins/enigmabox_additions/enigmabook.php on line 42
[29-May-2021 13:00:52 UTC] PHP Warning:  Declaration of enigmabook::rename_group($gid, $newname) should be compatible with rcube_addressbook::rename_group($group_id, $newname, &$newid) in /opt/enigmabox/roundcube/plugins/enigmabox_additions/enigmabook.php on line 42
[29-May-2021 13:00:52 UTC] PHP Warning:  Declaration of enigmabook_global::list_groups($search = NULL) should be compatible with rcube_addressbook::list_groups($search = NULL, $mode = 0) in /opt/enigmabox/roundcube/plugins/enigmabox_additions/enigmabook.php on line 199
[29-May-2021 13:00:52 UTC] PHP Warning:  Declaration of enigmabook_global::rename_group($gid, $newname) should be compatible with rcube_addressbook::rename_group($group_id, $newname, &$newid) in /opt/enigmabox/roundcube/plugins/enigmabox_additions/enigmabook.php on line 199
[29-May-2021 13:00:52 UTC] PHP Warning:  Declaration of enigmabook::list_groups($search = NULL) should be compatible with rcube_addressbook::list_groups($search = NULL, $mode = 0) in /opt/enigmabox/roundcube/plugins/enigmabox_additions/enigmabook.php on line 42
[29-May-2021 13:00:52 UTC] PHP Warning:  Declaration of enigmabook::rename_group($gid, $newname) should be compatible with rcube_addressbook::rename_group($group_id, $newname, &$newid) in /opt/enigmabox/roundcube/plugins/enigmabox_additions/enigmabook.php on line 42
[29-May-2021 13:00:52 UTC] PHP Warning:  Declaration of enigmabook_global::list_groups($search = NULL) should be compatible with rcube_addressbook::list_groups($search = NULL, $mode = 0) in /opt/enigmabox/roundcube/plugins/enigmabox_additions/enigmabook.php on line 199
[29-May-2021 13:00:52 UTC] PHP Warning:  Declaration of enigmabook_global::rename_group($gid, $newname) should be compatible with rcube_addressbook::rename_group($group_id, $newname, &$newid) in /opt/enigmabox/roundcube/plugins/enigmabox_additions/enigmabook.php on line 199
[29-May-2021 13:00:55 UTC] PHP Warning:  Declaration of enigmabook::list_groups($search = NULL) should be compatible with rcube_addressbook::list_groups($search = NULL, $mode = 0) in /opt/enigmabox/roundcube/plugins/enigmabox_additions/enigmabook.php on line 42
[29-May-2021 13:00:55 UTC] PHP Warning:  Declaration of enigmabook::rename_group($gid, $newname) should be compatible with rcube_addressbook::rename_group($group_id, $newname, &$newid) in /opt/enigmabox/roundcube/plugins/enigmabox_additions/enigmabook.php on line 42
[29-May-2021 13:00:55 UTC] PHP Warning:  Declaration of enigmabook_global::list_groups($search = NULL) should be compatible with rcube_addressbook::list_groups($search = NULL, $mode = 0) in /opt/enigmabox/roundcube/plugins/enigmabox_additions/enigmabook.php on line 199
[29-May-2021 13:00:55 UTC] PHP Warning:  Declaration of enigmabook_global::rename_group($gid, $newname) should be compatible with rcube_addressbook::rename_group($group_id, $newname, &$newid) in /opt/enigmabox/roundcube/plugins/enigmabox_additions/enigmabook.php on line 199
[29-May-2021 13:00:56 UTC] PHP Warning:  Declaration of enigmabook::list_groups($search = NULL) should be compatible with rcube_addressbook::list_groups($search = NULL, $mode = 0) in /opt/enigmabox/roundcube/plugins/enigmabox_additions/enigmabook.php on line 42
[29-May-2021 13:00:56 UTC] PHP Warning:  Declaration of enigmabook::rename_group($gid, $newname) should be compatible with rcube_addressbook::rename_group($group_id, $newname, &$newid) in /opt/enigmabox/roundcube/plugins/enigmabox_additions/enigmabook.php on line 42
[29-May-2021 13:00:56 UTC] PHP Warning:  Declaration of enigmabook_global::list_groups($search = NULL) should be compatible with rcube_addressbook::list_groups($search = NULL, $mode = 0) in /opt/enigmabox/roundcube/plugins/enigmabox_additions/enigmabook.php on line 199
[29-May-2021 13:00:56 UTC] PHP Warning:  Declaration of enigmabook_global::rename_group($gid, $newname) should be compatible with rcube_addressbook::rename_group($group_id, $newname, &$newid) in /opt/enigmabox/roundcube/plugins/enigmabox_additions/enigmabook.php on line 199
[29-May-2021 13:00:56 UTC] PHP Warning:  Declaration of enigmabook::list_groups($search = NULL) should be compatible with rcube_addressbook::list_groups($search = NULL, $mode = 0) in /opt/enigmabox/roundcube/plugins/enigmabox_additions/enigmabook.php on line 42
[29-May-2021 13:00:56 UTC] PHP Warning:  Declaration of enigmabook::rename_group($gid, $newname) should be compatible with rcube_addressbook::rename_group($group_id, $newname, &$newid) in /opt/enigmabox/roundcube/plugins/enigmabox_additions/enigmabook.php on line 42
[29-May-2021 13:00:56 UTC] PHP Warning:  Declaration of enigmabook_global::list_groups($search = NULL) should be compatible with rcube_addressbook::list_groups($search = NULL, $mode = 0) in /opt/enigmabox/roundcube/plugins/enigmabox_additions/enigmabook.php on line 199
[29-May-2021 13:00:56 UTC] PHP Warning:  Declaration of enigmabook_global::rename_group($gid, $newname) should be compatible with rcube_addressbook::rename_group($group_id, $newname, &$newid) in /opt/enigmabox/roundcube/plugins/enigmabox_additions/enigmabook.php on line 199
[29-May-2021 13:00:57 UTC] PHP Warning:  Declaration of enigmabook::list_groups($search = NULL) should be compatible with rcube_addressbook::list_groups($search = NULL, $mode = 0) in /opt/enigmabox/roundcube/plugins/enigmabox_additions/enigmabook.php on line 42
[29-May-2021 13:00:57 UTC] PHP Warning:  Declaration of enigmabook::rename_group($gid, $newname) should be compatible with rcube_addressbook::rename_group($group_id, $newname, &$newid) in /opt/enigmabox/roundcube/plugins/enigmabox_additions/enigmabook.php on line 42
[29-May-2021 13:00:57 UTC] PHP Warning:  Declaration of enigmabook_global::list_groups($search = NULL) should be compatible with rcube_addressbook::list_groups($search = NULL, $mode = 0) in /opt/enigmabox/roundcube/plugins/enigmabox_additions/enigmabook.php on line 199
[29-May-2021 13:00:57 UTC] PHP Warning:  Declaration of enigmabook_global::rename_group($gid, $newname) should be compatible with rcube_addressbook::rename_group($group_id, $newname, &$newid) in /opt/enigmabox/roundcube/plugins/enigmabox_additions/enigmabook.php on line 199
[29-May-2021 13:01:00 UTC] PHP Warning:  Declaration of enigmabook::list_groups($search = NULL) should be compatible with rcube_addressbook::list_groups($search = NULL, $mode = 0) in /opt/enigmabox/roundcube/plugins/enigmabox_additions/enigmabook.php on line 42
[29-May-2021 13:01:00 UTC] PHP Warning:  Declaration of enigmabook::rename_group($gid, $newname) should be compatible with rcube_addressbook::rename_group($group_id, $newname, &$newid) in /opt/enigmabox/roundcube/plugins/enigmabox_additions/enigmabook.php on line 42
[29-May-2021 13:01:00 UTC] PHP Warning:  Declaration of enigmabook_global::list_groups($search = NULL) should be compatible with rcube_addressbook::list_groups($search = NULL, $mode = 0) in /opt/enigmabox/roundcube/plugins/enigmabox_additions/enigmabook.php on line 199
[29-May-2021 13:01:00 UTC] PHP Warning:  Declaration of enigmabook_global::rename_group($gid, $newname) should be compatible with rcube_addressbook::rename_group($group_id, $newname, &$newid) in /opt/enigmabox/roundcube/plugins/enigmabox_additions/enigmabook.php on line 199
[29-May-2021 13:01:00 UTC] PHP Warning:  Invalid argument supplied for foreach() in /opt/enigmabox/roundcube/program/steps/mail/autocomplete.inc on line 128
[29-May-2021 13:01:00 UTC] PHP Warning:  Invalid argument supplied for foreach() in /opt/enigmabox/roundcube/program/steps/mail/autocomplete.inc on line 128
[29-May-2021 13:01:01 UTC] PHP Warning:  Declaration of enigmabook::list_groups($search = NULL) should be compatible with rcube_addressbook::list_groups($search = NULL, $mode = 0) in /opt/enigmabox/roundcube/plugins/enigmabox_additions/enigmabook.php on line 42
[29-May-2021 13:01:01 UTC] PHP Warning:  Declaration of enigmabook::rename_group($gid, $newname) should be compatible with rcube_addressbook::rename_group($group_id, $newname, &$newid) in /opt/enigmabox/roundcube/plugins/enigmabox_additions/enigmabook.php on line 42
[29-May-2021 13:01:01 UTC] PHP Warning:  Declaration of enigmabook_global::list_groups($search = NULL) should be compatible with rcube_addressbook::list_groups($search = NULL, $mode = 0) in /opt/enigmabox/roundcube/plugins/enigmabox_additions/enigmabook.php on line 199
[29-May-2021 13:01:01 UTC] PHP Warning:  Declaration of enigmabook_global::rename_group($gid, $newname) should be compatible with rcube_addressbook::rename_group($group_id, $newname, &$newid) in /opt/enigmabox/roundcube/plugins/enigmabox_additions/enigmabook.php on line 199
[29-May-2021 13:01:01 UTC] PHP Warning:  Invalid argument supplied for foreach() in /opt/enigmabox/roundcube/program/steps/mail/autocomplete.inc on line 128
[29-May-2021 13:01:01 UTC] PHP Warning:  Invalid argument supplied for foreach() in /opt/enigmabox/roundcube/program/steps/mail/autocomplete.inc on line 128
[29-May-2021 13:01:07 UTC] PHP Warning:  Declaration of enigmabook::list_groups($search = NULL) should be compatible with rcube_addressbook::list_groups($search = NULL, $mode = 0) in /opt/enigmabox/roundcube/plugins/enigmabox_additions/enigmabook.php on line 42
[29-May-2021 13:01:07 UTC] PHP Warning:  Declaration of enigmabook::rename_group($gid, $newname) should be compatible with rcube_addressbook::rename_group($group_id, $newname, &$newid) in /opt/enigmabox/roundcube/plugins/enigmabox_additions/enigmabook.php on line 42
[29-May-2021 13:01:07 UTC] PHP Warning:  Declaration of enigmabook_global::list_groups($search = NULL) should be compatible with rcube_addressbook::list_groups($search = NULL, $mode = 0) in /opt/enigmabox/roundcube/plugins/enigmabox_additions/enigmabook.php on line 199
[29-May-2021 13:01:07 UTC] PHP Warning:  Declaration of enigmabook_global::rename_group($gid, $newname) should be compatible with rcube_addressbook::rename_group($group_id, $newname, &$newid) in /opt/enigmabox/roundcube/plugins/enigmabox_additions/enigmabook.php on line 199
[29-May-2021 13:01:10 UTC] PHP Warning:  Declaration of enigmabook::list_groups($search = NULL) should be compatible with rcube_addressbook::list_groups($search = NULL, $mode = 0) in /opt/enigmabox/roundcube/plugins/enigmabox_additions/enigmabook.php on line 42
[29-May-2021 13:01:10 UTC] PHP Warning:  Declaration of enigmabook::rename_group($gid, $newname) should be compatible with rcube_addressbook::rename_group($group_id, $newname, &$newid) in /opt/enigmabox/roundcube/plugins/enigmabox_additions/enigmabook.php on line 42
[29-May-2021 13:01:10 UTC] PHP Warning:  Declaration of enigmabook_global::list_groups($search = NULL) should be compatible with rcube_addressbook::list_groups($search = NULL, $mode = 0) in /opt/enigmabox/roundcube/plugins/enigmabox_additions/enigmabook.php on line 199
[29-May-2021 13:01:10 UTC] PHP Warning:  Declaration of enigmabook_global::rename_group($gid, $newname) should be compatible with rcube_addressbook::rename_group($group_id, $newname, &$newid) in /opt/enigmabox/roundcube/plugins/enigmabox_additions/enigmabook.php on line 199
[29-May-2021 13:01:11 +0000]: <b9269265> PHP Error: Invalid response code received from server (POST /?_task=mail&_unlock=loading1622293270653&_framed=1&_lang=fr_FR&_action=send)
[29-May-2021 13:01:11 +0000]: <b9269265> SMTP Error: Failed to add recipient 'mail@enigmabox.net'. Temporary local problem - please try later (Code: 451) in /opt/enigmabox/roundcube/program/lib/Roundcube/rcube.php on line 1702 (POST /?_task=mail&_unlock=loading1622293270653&_framed=1&_lang=fr_FR&_action=send)
[29-May-2021 13:01:19 UTC] PHP Warning:  Declaration of enigmabook::list_groups($search = NULL) should be compatible with rcube_addressbook::list_groups($search = NULL, $mode = 0) in /opt/enigmabox/roundcube/plugins/enigmabox_additions/enigmabook.php on line 42
[29-May-2021 13:01:19 UTC] PHP Warning:  Declaration of enigmabook::rename_group($gid, $newname) should be compatible with rcube_addressbook::rename_group($group_id, $newname, &$newid) in /opt/enigmabox/roundcube/plugins/enigmabox_additions/enigmabook.php on line 42
[29-May-2021 13:01:19 UTC] PHP Warning:  Declaration of enigmabook_global::list_groups($search = NULL) should be compatible with rcube_addressbook::list_groups($search = NULL, $mode = 0) in /opt/enigmabox/roundcube/plugins/enigmabox_additions/enigmabook.php on line 199
[29-May-2021 13:01:19 UTC] PHP Warning:  Declaration of enigmabook_global::rename_group($gid, $newname) should be compatible with rcube_addressbook::rename_group($group_id, $newname, &$newid) in /opt/enigmabox/roundcube/plugins/enigmabox_additions/enigmabook.php on line 199
[29-May-2021 13:01:19 UTC] PHP Warning:  Invalid argument supplied for foreach() in /opt/enigmabox/roundcube/program/steps/mail/autocomplete.inc on line 128
[29-May-2021 13:01:19 UTC] PHP Warning:  Invalid argument supplied for foreach() in /opt/enigmabox/roundcube/program/steps/mail/autocomplete.inc on line 128
[29-May-2021 13:01:19 UTC] PHP Warning:  Declaration of enigmabook::list_groups($search = NULL) should be compatible with rcube_addressbook::list_groups($search = NULL, $mode = 0) in /opt/enigmabox/roundcube/plugins/enigmabox_additions/enigmabook.php on line 42
[29-May-2021 13:01:19 UTC] PHP Warning:  Declaration of enigmabook::rename_group($gid, $newname) should be compatible with rcube_addressbook::rename_group($group_id, $newname, &$newid) in /opt/enigmabox/roundcube/plugins/enigmabox_additions/enigmabook.php on line 42
[29-May-2021 13:01:19 UTC] PHP Warning:  Declaration of enigmabook_global::list_groups($search = NULL) should be compatible with rcube_addressbook::list_groups($search = NULL, $mode = 0) in /opt/enigmabox/roundcube/plugins/enigmabox_additions/enigmabook.php on line 199
[29-May-2021 13:01:19 UTC] PHP Warning:  Declaration of enigmabook_global::rename_group($gid, $newname) should be compatible with rcube_addressbook::rename_group($group_id, $newname, &$newid) in /opt/enigmabox/roundcube/plugins/enigmabox_additions/enigmabook.php on line 199
[29-May-2021 13:01:19 UTC] PHP Warning:  Invalid argument supplied for foreach() in /opt/enigmabox/roundcube/program/steps/mail/autocomplete.inc on line 128
[29-May-2021 13:01:19 UTC] PHP Warning:  Invalid argument supplied for foreach() in /opt/enigmabox/roundcube/program/steps/mail/autocomplete.inc on line 128
[29-May-2021 13:01:20 UTC] PHP Warning:  Declaration of enigmabook::list_groups($search = NULL) should be compatible with rcube_addressbook::list_groups($search = NULL, $mode = 0) in /opt/enigmabox/roundcube/plugins/enigmabox_additions/enigmabook.php on line 42
[29-May-2021 13:01:20 UTC] PHP Warning:  Declaration of enigmabook::rename_group($gid, $newname) should be compatible with rcube_addressbook::rename_group($group_id, $newname, &$newid) in /opt/enigmabox/roundcube/plugins/enigmabox_additions/enigmabook.php on line 42
[29-May-2021 13:01:20 UTC] PHP Warning:  Declaration of enigmabook_global::list_groups($search = NULL) should be compatible with rcube_addressbook::list_groups($search = NULL, $mode = 0) in /opt/enigmabox/roundcube/plugins/enigmabox_additions/enigmabook.php on line 199
[29-May-2021 13:01:20 UTC] PHP Warning:  Declaration of enigmabook_global::rename_group($gid, $newname) should be compatible with rcube_addressbook::rename_group($group_id, $newname, &$newid) in /opt/enigmabox/roundcube/plugins/enigmabox_additions/enigmabook.php on line 199
[29-May-2021 13:01:20 UTC] PHP Warning:  Invalid argument supplied for foreach() in /opt/enigmabox/roundcube/program/steps/mail/autocomplete.inc on line 128
[29-May-2021 13:01:20 UTC] PHP Warning:  Invalid argument supplied for foreach() in /opt/enigmabox/roundcube/program/steps/mail/autocomplete.inc on line 128
[29-May-2021 13:01:23 UTC] PHP Warning:  Declaration of enigmabook::list_groups($search = NULL) should be compatible with rcube_addressbook::list_groups($search = NULL, $mode = 0) in /opt/enigmabox/roundcube/plugins/enigmabox_additions/enigmabook.php on line 42
[29-May-2021 13:01:23 UTC] PHP Warning:  Declaration of enigmabook::rename_group($gid, $newname) should be compatible with rcube_addressbook::rename_group($group_id, $newname, &$newid) in /opt/enigmabox/roundcube/plugins/enigmabox_additions/enigmabook.php on line 42
[29-May-2021 13:01:23 UTC] PHP Warning:  Declaration of enigmabook_global::list_groups($search = NULL) should be compatible with rcube_addressbook::list_groups($search = NULL, $mode = 0) in /opt/enigmabox/roundcube/plugins/enigmabox_additions/enigmabook.php on line 199
[29-May-2021 13:01:23 UTC] PHP Warning:  Declaration of enigmabook_global::rename_group($gid, $newname) should be compatible with rcube_addressbook::rename_group($group_id, $newname, &$newid) in /opt/enigmabox/roundcube/plugins/enigmabox_additions/enigmabook.php on line 199
[29-May-2021 13:01:25 UTC] PHP Warning:  Declaration of enigmabook::list_groups($search = NULL) should be compatible with rcube_addressbook::list_groups($search = NULL, $mode = 0) in /opt/enigmabox/roundcube/plugins/enigmabox_additions/enigmabook.php on line 42
[29-May-2021 13:01:25 UTC] PHP Warning:  Declaration of enigmabook::rename_group($gid, $newname) should be compatible with rcube_addressbook::rename_group($group_id, $newname, &$newid) in /opt/enigmabox/roundcube/plugins/enigmabox_additions/enigmabook.php on line 42
[29-May-2021 13:01:25 UTC] PHP Warning:  Declaration of enigmabook_global::list_groups($search = NULL) should be compatible with rcube_addressbook::list_groups($search = NULL, $mode = 0) in /opt/enigmabox/roundcube/plugins/enigmabox_additions/enigmabook.php on line 199
[29-May-2021 13:01:25 UTC] PHP Warning:  Declaration of enigmabook_global::rename_group($gid, $newname) should be compatible with rcube_addressbook::rename_group($group_id, $newname, &$newid) in /opt/enigmabox/roundcube/plugins/enigmabox_additions/enigmabook.php on line 199
[29-May-2021 13:01:26 UTC] PHP Warning:  Declaration of enigmabook::list_groups($search = NULL) should be compatible with rcube_addressbook::list_groups($search = NULL, $mode = 0) in /opt/enigmabox/roundcube/plugins/enigmabox_additions/enigmabook.php on line 42
[29-May-2021 13:01:26 UTC] PHP Warning:  Declaration of enigmabook::rename_group($gid, $newname) should be compatible with rcube_addressbook::rename_group($group_id, $newname, &$newid) in /opt/enigmabox/roundcube/plugins/enigmabox_additions/enigmabook.php on line 42
[29-May-2021 13:01:26 UTC] PHP Warning:  Declaration of enigmabook_global::list_groups($search = NULL) should be compatible with rcube_addressbook::list_groups($search = NULL, $mode = 0) in /opt/enigmabox/roundcube/plugins/enigmabox_additions/enigmabook.php on line 199
[29-May-2021 13:01:26 UTC] PHP Warning:  Declaration of enigmabook_global::rename_group($gid, $newname) should be compatible with rcube_addressbook::rename_group($group_id, $newname, &$newid) in /opt/enigmabox/roundcube/plugins/enigmabox_additions/enigmabook.php on line 199
[29-May-2021 13:01:26 UTC] PHP Warning:  Declaration of enigmabook::list_groups($search = NULL) should be compatible with rcube_addressbook::list_groups($search = NULL, $mode = 0) in /opt/enigmabox/roundcube/plugins/enigmabox_additions/enigmabook.php on line 42
[29-May-2021 13:01:26 UTC] PHP Warning:  Declaration of enigmabook::rename_group($gid, $newname) should be compatible with rcube_addressbook::rename_group($group_id, $newname, &$newid) in /opt/enigmabox/roundcube/plugins/enigmabox_additions/enigmabook.php on line 42
[29-May-2021 13:01:26 UTC] PHP Warning:  Declaration of enigmabook_global::list_groups($search = NULL) should be compatible with rcube_addressbook::list_groups($search = NULL, $mode = 0) in /opt/enigmabox/roundcube/plugins/enigmabox_additions/enigmabook.php on line 199
[29-May-2021 13:01:26 UTC] PHP Warning:  Declaration of enigmabook_global::rename_group($gid, $newname) should be compatible with rcube_addressbook::rename_group($group_id, $newname, &$newid) in /opt/enigmabox/roundcube/plugins/enigmabox_additions/enigmabook.php on line 199
[29-May-2021 13:01:28 UTC] PHP Warning:  Declaration of enigmabook::list_groups($search = NULL) should be compatible with rcube_addressbook::list_groups($search = NULL, $mode = 0) in /opt/enigmabox/roundcube/plugins/enigmabox_additions/enigmabook.php on line 42
[29-May-2021 13:01:28 UTC] PHP Warning:  Declaration of enigmabook::rename_group($gid, $newname) should be compatible with rcube_addressbook::rename_group($group_id, $newname, &$newid) in /opt/enigmabox/roundcube/plugins/enigmabox_additions/enigmabook.php on line 42
[29-May-2021 13:01:28 UTC] PHP Warning:  Declaration of enigmabook_global::list_groups($search = NULL) should be compatible with rcube_addressbook::list_groups($search = NULL, $mode = 0) in /opt/enigmabox/roundcube/plugins/enigmabox_additions/enigmabook.php on line 199
[29-May-2021 13:01:28 UTC] PHP Warning:  Declaration of enigmabook_global::rename_group($gid, $newname) should be compatible with rcube_addressbook::rename_group($group_id, $newname, &$newid) in /opt/enigmabox/roundcube/plugins/enigmabox_additions/enigmabook.php on line 199
[29-May-2021 13:01:30 UTC] PHP Warning:  Declaration of enigmabook::list_groups($search = NULL) should be compatible with rcube_addressbook::list_groups($search = NULL, $mode = 0) in /opt/enigmabox/roundcube/plugins/enigmabox_additions/enigmabook.php on line 42
[29-May-2021 13:01:30 UTC] PHP Warning:  Declaration of enigmabook::rename_group($gid, $newname) should be compatible with rcube_addressbook::rename_group($group_id, $newname, &$newid) in /opt/enigmabox/roundcube/plugins/enigmabox_additions/enigmabook.php on line 42
[29-May-2021 13:01:30 UTC] PHP Warning:  Declaration of enigmabook_global::list_groups($search = NULL) should be compatible with rcube_addressbook::list_groups($search = NULL, $mode = 0) in /opt/enigmabox/roundcube/plugins/enigmabox_additions/enigmabook.php on line 199
[29-May-2021 13:01:30 UTC] PHP Warning:  Declaration of enigmabook_global::rename_group($gid, $newname) should be compatible with rcube_addressbook::rename_group($group_id, $newname, &$newid) in /opt/enigmabox/roundcube/plugins/enigmabox_additions/enigmabook.php on line 199
[29-May-2021 13:01:31 UTC] PHP Warning:  Declaration of enigmabook::list_groups($search = NULL) should be compatible with rcube_addressbook::list_groups($search = NULL, $mode = 0) in /opt/enigmabox/roundcube/plugins/enigmabox_additions/enigmabook.php on line 42
[29-May-2021 13:01:31 UTC] PHP Warning:  Declaration of enigmabook::rename_group($gid, $newname) should be compatible with rcube_addressbook::rename_group($group_id, $newname, &$newid) in /opt/enigmabox/roundcube/plugins/enigmabox_additions/enigmabook.php on line 42
[29-May-2021 13:01:31 UTC] PHP Warning:  Declaration of enigmabook_global::list_groups($search = NULL) should be compatible with rcube_addressbook::list_groups($search = NULL, $mode = 0) in /opt/enigmabox/roundcube/plugins/enigmabox_additions/enigmabook.php on line 199
[29-May-2021 13:01:31 UTC] PHP Warning:  Declaration of enigmabook_global::rename_group($gid, $newname) should be compatible with rcube_addressbook::rename_group($group_id, $newname, &$newid) in /opt/enigmabox/roundcube/plugins/enigmabox_additions/enigmabook.php on line 199
[29-May-2021 13:02:16 UTC] PHP Warning:  Declaration of enigmabook::list_groups($search = NULL) should be compatible with rcube_addressbook::list_groups($search = NULL, $mode = 0) in /opt/enigmabox/roundcube/plugins/enigmabox_additions/enigmabook.php on line 42
[29-May-2021 13:02:16 UTC] PHP Warning:  Declaration of enigmabook::rename_group($gid, $newname) should be compatible with rcube_addressbook::rename_group($group_id, $newname, &$newid) in /opt/enigmabox/roundcube/plugins/enigmabox_additions/enigmabook.php on line 42
[29-May-2021 13:02:16 UTC] PHP Warning:  Declaration of enigmabook_global::list_groups($search = NULL) should be compatible with rcube_addressbook::list_groups($search = NULL, $mode = 0) in /opt/enigmabox/roundcube/plugins/enigmabox_additions/enigmabook.php on line 199
[29-May-2021 13:02:16 UTC] PHP Warning:  Declaration of enigmabook_global::rename_group($gid, $newname) should be compatible with rcube_addressbook::rename_group($group_id, $newname, &$newid) in /opt/enigmabox/roundcube/plugins/enigmabox_additions/enigmabook.php on line 199
[29-May-2021 13:02:17 UTC] PHP Warning:  Declaration of enigmabook::list_groups($search = NULL) should be compatible with rcube_addressbook::list_groups($search = NULL, $mode = 0) in /opt/enigmabox/roundcube/plugins/enigmabox_additions/enigmabook.php on line 42
[29-May-2021 13:02:17 UTC] PHP Warning:  Declaration of enigmabook::rename_group($gid, $newname) should be compatible with rcube_addressbook::rename_group($group_id, $newname, &$newid) in /opt/enigmabox/roundcube/plugins/enigmabox_additions/enigmabook.php on line 42
[29-May-2021 13:02:17 UTC] PHP Warning:  Declaration of enigmabook_global::list_groups($search = NULL) should be compatible with rcube_addressbook::list_groups($search = NULL, $mode = 0) in /opt/enigmabox/roundcube/plugins/enigmabox_additions/enigmabook.php on line 199
[29-May-2021 13:02:17 UTC] PHP Warning:  Declaration of enigmabook_global::rename_group($gid, $newname) should be compatible with rcube_addressbook::rename_group($group_id, $newname, &$newid) in /opt/enigmabox/roundcube/plugins/enigmabox_additions/enigmabook.php on line 199
[29-May-2021 13:02:22 UTC] PHP Warning:  Declaration of enigmabook::list_groups($search = NULL) should be compatible with rcube_addressbook::list_groups($search = NULL, $mode = 0) in /opt/enigmabox/roundcube/plugins/enigmabox_additions/enigmabook.php on line 42
[29-May-2021 13:02:22 UTC] PHP Warning:  Declaration of enigmabook::rename_group($gid, $newname) should be compatible with rcube_addressbook::rename_group($group_id, $newname, &$newid) in /opt/enigmabox/roundcube/plugins/enigmabox_additions/enigmabook.php on line 42
[29-May-2021 13:02:22 UTC] PHP Warning:  Declaration of enigmabook_global::list_groups($search = NULL) should be compatible with rcube_addressbook::list_groups($search = NULL, $mode = 0) in /opt/enigmabox/roundcube/plugins/enigmabox_additions/enigmabook.php on line 199
[29-May-2021 13:02:22 UTC] PHP Warning:  Declaration of enigmabook_global::rename_group($gid, $newname) should be compatible with rcube_addressbook::rename_group($group_id, $newname, &$newid) in /opt/enigmabox/roundcube/plugins/enigmabox_additions/enigmabook.php on line 199
[29-May-2021 13:02:22 UTC] PHP Warning:  Invalid argument supplied for foreach() in /opt/enigmabox/roundcube/program/steps/mail/func.inc on line 1736
[29-May-2021 13:02:23 UTC] PHP Warning:  Declaration of enigmabook::list_groups($search = NULL) should be compatible with rcube_addressbook::list_groups($search = NULL, $mode = 0) in /opt/enigmabox/roundcube/plugins/enigmabox_additions/enigmabook.php on line 42
[29-May-2021 13:02:23 UTC] PHP Warning:  Declaration of enigmabook::rename_group($gid, $newname) should be compatible with rcube_addressbook::rename_group($group_id, $newname, &$newid) in /opt/enigmabox/roundcube/plugins/enigmabox_additions/enigmabook.php on line 42
[29-May-2021 13:02:23 UTC] PHP Warning:  Declaration of enigmabook_global::list_groups($search = NULL) should be compatible with rcube_addressbook::list_groups($search = NULL, $mode = 0) in /opt/enigmabox/roundcube/plugins/enigmabox_additions/enigmabook.php on line 199
[29-May-2021 13:02:23 UTC] PHP Warning:  Declaration of enigmabook_global::rename_group($gid, $newname) should be compatible with rcube_addressbook::rename_group($group_id, $newname, &$newid) in /opt/enigmabox/roundcube/plugins/enigmabox_additions/enigmabook.php on line 199
[29-May-2021 13:02:23 UTC] PHP Warning:  Invalid argument supplied for foreach() in /opt/enigmabox/roundcube/program/steps/mail/func.inc on line 1736
[29-May-2021 13:02:24 UTC] PHP Warning:  Declaration of enigmabook::list_groups($search = NULL) should be compatible with rcube_addressbook::list_groups($search = NULL, $mode = 0) in /opt/enigmabox/roundcube/plugins/enigmabox_additions/enigmabook.php on line 42
[29-May-2021 13:02:24 UTC] PHP Warning:  Declaration of enigmabook::rename_group($gid, $newname) should be compatible with rcube_addressbook::rename_group($group_id, $newname, &$newid) in /opt/enigmabox/roundcube/plugins/enigmabox_additions/enigmabook.php on line 42
[29-May-2021 13:02:24 UTC] PHP Warning:  Declaration of enigmabook_global::list_groups($search = NULL) should be compatible with rcube_addressbook::list_groups($search = NULL, $mode = 0) in /opt/enigmabox/roundcube/plugins/enigmabox_additions/enigmabook.php on line 199
[29-May-2021 13:02:24 UTC] PHP Warning:  Declaration of enigmabook_global::rename_group($gid, $newname) should be compatible with rcube_addressbook::rename_group($group_id, $newname, &$newid) in /opt/enigmabox/roundcube/plugins/enigmabox_additions/enigmabook.php on line 199
[29-May-2021 13:02:24 UTC] PHP Warning:  Invalid argument supplied for foreach() in /opt/enigmabox/roundcube/program/steps/mail/func.inc on line 1736
[29-May-2021 13:03:18 UTC] PHP Warning:  Declaration of enigmabook::list_groups($search = NULL) should be compatible with rcube_addressbook::list_groups($search = NULL, $mode = 0) in /opt/enigmabox/roundcube/plugins/enigmabox_additions/enigmabook.php on line 42
[29-May-2021 13:03:18 UTC] PHP Warning:  Declaration of enigmabook::rename_group($gid, $newname) should be compatible with rcube_addressbook::rename_group($group_id, $newname, &$newid) in /opt/enigmabox/roundcube/plugins/enigmabox_additions/enigmabook.php on line 42
[29-May-2021 13:03:18 UTC] PHP Warning:  Declaration of enigmabook_global::list_groups($search = NULL) should be compatible with rcube_addressbook::list_groups($search = NULL, $mode = 0) in /opt/enigmabox/roundcube/plugins/enigmabox_additions/enigmabook.php on line 199
[29-May-2021 13:03:18 UTC] PHP Warning:  Declaration of enigmabook_global::rename_group($gid, $newname) should be compatible with rcube_addressbook::rename_group($group_id, $newname, &$newid) in /opt/enigmabox/roundcube/plugins/enigmabox_additions/enigmabook.php on line 199
